ERC report (2026-06-29T12:32:04, Encoding UTF8)
Report includes: Errors, Warnings

***** Sheet /
[label_multiple_wires]: Label connects more than one wire at 914400, 622300
    ; warning
    @(91.44 mm, 62.23 mm): Label 'LATCH'
    @(90.17 mm, 62.23 mm): Horizontal Wire, length 59.69 mm
[label_multiple_wires]: Label connects more than one wire at 1066800, 495300
    ; warning
    @(106.68 mm, 49.53 mm): Label 'DATA'
    @(105.41 mm, 49.53 mm): Horizontal Wire, length 44.45 mm
[label_multiple_wires]: Label connects more than one wire at 1358900, 546100
    ; warning
    @(135.89 mm, 54.61 mm): Label 'CLK'
    @(149.86 mm, 57.15 mm): Wire, length 35.287 mm

 ** ERC messages: 3  Errors 0  Warnings 3

 ** Ignored checks:
    - Global label only appears once in the schematic
    - Four connection points are joined together
    - SPICE model issue
    - Assigned footprint doesn't match footprint filters
